make all --print-data-base --no-builtin-variables --no-builtin-rules --question
make: *** No rule to make target 'all'.  Stop.

# GNU Make 4.3
# Built for x86_64-pc-linux-gnu
# Copyright (C) 1988-2020 Free Software Foundation, Inc.
# License GPLv3+: GNU GPL version 3 or later <http://gnu.org/licenses/gpl.html>
# This is free software: you are free to change and redistribute it.
# There is NO WARRANTY, to the extent permitted by law.

# Make data base, printed on Fri Sep 23 19:44:12 2022

# Variables

# environment
GDK_BACKEND = x11
# environment
LC_ALL = C
# environment
GNOME_SHELL_SESSION_MODE = ubuntu
# environment
SSH_AGENT_LAUNCHER = gnome-keyring
# environment
GJS_DEBUG_OUTPUT = stderr
# environment
LC_NAME = de_AT.UTF-8
# environment
LC_NUMERIC = de_AT.UTF-8
# environment
VSCODE_CWD = /home/jakob
# environment
LC_ADDRESS = de_AT.UTF-8
# default
MAKE_COMMAND := make
# environment
QT_ACCESSIBILITY = 1
# automatic
@D = $(patsubst %/,%,$(dir $@))
# environment
VSCODE_HANDLES_UNCAUGHT_ERRORS = true
# makefile (from 'Makefile', line 24)
INC_FLAGS := -I./src -I./src/helloWorld -I./src/Chapter_1 -I./src/Chapter_1/1.10 -I./src/Chapter_1/1.3 -I./src/Chapter_1/1.1 -I./src/Chapter_1/1.6 -I./src/Chapter_1/1.8 -I./src/Chapter_1/1.5 -I./src/Chapter_1/1.9 -I./src/Chapter_1/1.7 -I./src/Chapter_1/1.2 -I./src/Chapter_1/1.4
# default
.VARIABLES := 
# environment
PWD = /home/jakob/projects/learning_C/learning_C
# automatic
%D = $(patsubst %/,%,$(dir $%))
# environment
XDG_DATA_DIRS = /usr/share/ubuntu:/usr/local/share/:/usr/share/:/var/lib/snapd/desktop
# automatic
^D = $(patsubst %/,%,$(dir $^))
# automatic
%F = $(notdir $%)
# environment
VSCODE_CODE_CACHE_PATH = /home/jakob/.config/Code/CachedData/3b889b090b5ad5793f524b5d1d39fda662b96a2a
# environment
LANG = C
# environment
XAUTHORITY = /run/user/1000/.mutter-Xwaylandauth.5THGS1
# default
.LOADED := 
# default
.INCLUDE_DIRS = /usr/local/include /usr/include /usr/include
# makefile
MAKEFLAGS = pqrR
# makefile
CURDIR := /home/jakob/projects/learning_C/learning_C
# environment
APPLICATION_INSIGHTS_NO_DIAGNOSTIC_CHANNEL = true
# environment
LESSOPEN = | /usr/bin/lesspipe %s
# makefile (from 'Makefile', line 11)
SRCS := ./src/helloWorld/helloWorld.c ./src/Chapter_1/1.10/1_10.c ./src/Chapter_1/1.1/1_1.c ./src/Chapter_1/1.6/1_6.c ./src/Chapter_1/1.9/1_9.c ./src/Chapter_1/1.2/1_2.c ./src/Chapter_1/1.4/1_4.c ./src/main.c
# automatic
*D = $(patsubst %/,%,$(dir $*))
# environment
MFLAGS = -pqrR
# environment
SSH_AUTH_SOCK = /run/user/1000/keyring/ssh
# default
.SHELLFLAGS := -c
# environment
WAYLAND_DISPLAY = wayland-0
# environment
XDG_CONFIG_DIRS = /etc/xdg/xdg-ubuntu:/etc/xdg
# automatic
+D = $(patsubst %/,%,$(dir $+))
# environment
XDG_SESSION_DESKTOP = ubuntu
# makefile (from 'build/./src/main.c.d', line 1)
MAKEFILE_LIST := Makefile build/./src/helloWorld/helloWorld.c.d build/./src/Chapter_1/1.10/1_10.c.d build/./src/Chapter_1/1.1/1_1.c.d build/./src/Chapter_1/1.6/1_6.c.d build/./src/Chapter_1/1.9/1_9.c.d build/./src/Chapter_1/1.2/1_2.c.d build/./src/Chapter_1/1.4/1_4.c.d build/./src/main.c.d
# automatic
@F = $(notdir $@)
# environment
VSCODE_PID = 2489
# environment
XDG_SESSION_TYPE = wayland
# automatic
?D = $(patsubst %/,%,$(dir $?))
# environment
SESSION_MANAGER = local/Ubuntu:@/tmp/.ICE-unix/1252,unix/Ubuntu:/tmp/.ICE-unix/1252
# automatic
*F = $(notdir $*)
# environment
CHROME_DESKTOP = code-url-handler.desktop
# environment
DBUS_SESSION_BUS_ADDRESS = unix:path=/run/user/1000/bus
# automatic
<D = $(patsubst %/,%,$(dir $<))
# environment
VSCODE_NLS_CONFIG = {"locale":"en-us","availableLanguages":{},"_languagePackSupport":true}
# default
MAKE_HOST := x86_64-pc-linux-gnu
# makefile (from 'Makefile', line 15)
OBJS := ./build/./src/helloWorld/helloWorld.c.o ./build/./src/Chapter_1/1.10/1_10.c.o ./build/./src/Chapter_1/1.1/1_1.c.o ./build/./src/Chapter_1/1.6/1_6.c.o ./build/./src/Chapter_1/1.9/1_9.c.o ./build/./src/Chapter_1/1.2/1_2.c.o ./build/./src/Chapter_1/1.4/1_4.c.o ./build/./src/main.c.o
# environment
GNOME_DESKTOP_SESSION_ID = this-is-deprecated
# makefile
SHELL = /bin/sh
# default
MAKECMDGOALS := all
# environment
XMODIFIERS = @im=ibus
# environment
GJS_DEBUG_TOPICS = JS ERROR;JS LOG
# environment
SHLVL = 0
# makefile (from 'Makefile', line 7)
SRC_DIRS := ./src
# environment
MAKELEVEL := 0
# environment
IM_CONFIG_CHECK_ENV = 1
# default
MAKE = $(MAKE_COMMAND)
# environment
PATH = /usr/local/sbin:/usr/local/bin:/usr/sbin:/usr/bin:/sbin:/bin:/usr/games:/usr/local/games:/snap/bin:/snap/bin
# default
MAKEFILES := 
# environment
LANGUAGE = en_US:
# environment
LC_MONETARY = de_AT.UTF-8
# automatic
^F = $(notdir $^)
# environment
LC_TIME = de_AT.UTF-8
# environment
INVOCATION_ID = fbbe4e3bc1854a2eb0e7834e9d83f513
# environment
USERNAME = jakob
# environment
GNOME_SETUP_DISPLAY = :1
# environment
LC_TELEPHONE = de_AT.UTF-8
# environment
LESSCLOSE = /usr/bin/lesspipe %s %s
# automatic
?F = $(notdir $?)
# environment
XDG_CURRENT_DESKTOP = Unity
# environment
LS_COLORS = 
# automatic
+F = $(notdir $+)
# environment
DESKTOP_SESSION = ubuntu
# environment
ORIGINAL_XDG_CURRENT_DESKTOP = ubuntu:GNOME
# 'override' directive
GNUMAKEFLAGS := 
# environment
LOGNAME = jakob
# makefile (from 'Makefile', line 28)
CPPFLAGS := -I./src -I./src/helloWorld -I./src/Chapter_1 -I./src/Chapter_1/1.10 -I./src/Chapter_1/1.3 -I./src/Chapter_1/1.1 -I./src/Chapter_1/1.6 -I./src/Chapter_1/1.8 -I./src/Chapter_1/1.5 -I./src/Chapter_1/1.9 -I./src/Chapter_1/1.7 -I./src/Chapter_1/1.2 -I./src/Chapter_1/1.4 -MMD -MP
# environment
GIO_LAUNCHED_DESKTOP_FILE = /usr/share/applications/code.desktop
# makefile
.DEFAULT_GOAL := build/learning_C
# environment
SYSTEMD_EXEC_PID = 1275
# environment
DISPLAY = :0
# environment
USER = jakob
# environment
GTK_MODULES = gail:atk-bridge
# default
MAKE_VERSION := 4.3
# 'override' directive
.SHELLSTATUS := 0
# environment
MANAGERPID = 1054
# environment
LC_MEASUREMENT = de_AT.UTF-8
# environment
GIO_LAUNCHED_DESKTOP_FILE_PID = 2489
# environment
_ = /usr/share/code/code
# environment
LC_PAPER = de_AT.UTF-8
# environment
XDG_RUNTIME_DIR = /run/user/1000
# makefile (from 'Makefile', line 2)
TARGET_EXEC := learning_C
# environment
JOURNAL_STREAM = 8:43126
# environment
XDG_SESSION_CLASS = user
# environment
VSCODE_AMD_ENTRYPOINT = vs/workbench/api/node/extensionHostProcess
# makefile (from 'Makefile', line 6)
BUILD_DIR := ./build
# environment
HOME = /home/jakob
# environment
QT_IM_MODULE = ibus
# environment
ELECTRON_RUN_AS_NODE = 1
# environment
VSCODE_IPC_HOOK = /run/user/1000/vscode-4a0e5392-1.69.2-main.sock
# environment
IM_CONFIG_PHASE = 1
# makefile (from 'Makefile', line 22)
INC_DIRS := ./src ./src/helloWorld ./src/Chapter_1 ./src/Chapter_1/1.10 ./src/Chapter_1/1.3 ./src/Chapter_1/1.1 ./src/Chapter_1/1.6 ./src/Chapter_1/1.8 ./src/Chapter_1/1.5 ./src/Chapter_1/1.9 ./src/Chapter_1/1.7 ./src/Chapter_1/1.2 ./src/Chapter_1/1.4
# default
.RECIPEPREFIX := 
# automatic
<F = $(notdir $<)
# makefile (from 'Makefile', line 19)
DEPS := ./build/./src/helloWorld/helloWorld.c.d ./build/./src/Chapter_1/1.10/1_10.c.d ./build/./src/Chapter_1/1.1/1_1.c.d ./build/./src/Chapter_1/1.6/1_6.c.d ./build/./src/Chapter_1/1.9/1_9.c.d ./build/./src/Chapter_1/1.2/1_2.c.d ./build/./src/Chapter_1/1.4/1_4.c.d ./build/./src/main.c.d
# default
SUFFIXES := 
# default
.FEATURES := target-specific order-only second-expansion else-if shortest-stem undefine oneshell nocomment grouped-target extra-prereqs archives jobserver output-sync check-symlink load
# makefile (from 'Makefile', line 4)
CC := gcc
# environment
XDG_MENU_PREFIX = gnome-
# environment
GDMSESSION = ubuntu
# environment
LC_IDENTIFICATION = de_AT.UTF-8
# variable set hash-table stats:
# Load=115/1024=11%, Rehash=0, Collisions=9/181=5%

# Pattern-specific Variable Values

# No pattern-specific variable values.

# Directories

# . (device 2051, inode 2496670): 11 files, no impossibilities.

# 11 files, no impossibilities in 1 directories.

# Implicit Rules

build/%.c.o: %.c
#  recipe to execute (from 'Makefile', line 36):
	mkdir -p $(dir $@)
	$(CC) $(CPPFLAGS) $(CFLAGS) -c $< -o $@

build/%.cpp.o: %.cpp
#  recipe to execute (from 'Makefile', line 41):
	mkdir -p $(dir $@)
	$(CXX) $(CPPFLAGS) $(CXXFLAGS) -c $< -o $@

# 2 implicit rules, 0 (0.0%) terminal.
# Files

build/./src/Chapter_1/1.6/1_6.c.o: src/Chapter_1/1.6/1_6.c src/Chapter_1/1.6/1_6.h
#  Implicit rule search has not been done.
#  Modification time never checked.
#  File has not been updated.

# Not a target:
 
src/Chapter_1/1.6/1_6.c:
#  Implicit rule search has not been done.
#  Modification time never checked.
#  File has not been updated.

src/Chapter_1/1.9/1_9.h:
#  Implicit rule search has not been done.
#  Modification time never checked.
#  File has not been updated.

# Not a target:
build/./src/Chapter_1/1.2/1_2.c.d:
#  Implicit rule search has been done.
#  Last modified 2022-07-24 20:54:08.889911204
#  File has been updated.
#  Successfully updated.

src/Chapter_1/1.1/1_1.h:
#  Implicit rule search has not been done.
#  Modification time never checked.
#  File has not been updated.

# Not a target:
build/./src/Chapter_1/1.10/1_10.c.d:
#  Implicit rule search has been done.
#  Last modified 2022-07-24 21:54:15.021944107
#  File has been updated.
#  Successfully updated.

# Not a target:
build/./src/main.c.d:
#  Implicit rule search has been done.
#  Last modified 2022-07-24 22:11:24.456322159
#  File has been updated.
#  Successfully updated.

# Not a target:
build/./src/Chapter_1/1.6/1_6.c.d:
#  Implicit rule search has been done.
#  Last modified 2022-07-24 21:19:56.721937667
#  File has been updated.
#  Successfully updated.

# Not a target:
Makefile:
#  Implicit rule search has been done.
#  Last modified 2022-07-24 20:37:43.475792113
#  File has been updated.
#  Successfully updated.

build/./src/Chapter_1/1.1/1_1.c.o: src/Chapter_1/1.1/1_1.c src/Chapter_1/1.1/1_1.h
#  Implicit rule search has not been done.
#  Modification time never checked.
#  File has not been updated.

build/./src/helloWorld/helloWorld.c.o: src/helloWorld/helloWorld.c src/helloWorld/helloWorld.h
#  Implicit rule search has not been done.
#  Modification time never checked.
#  File has not been updated.

build/./src/Chapter_1/1.2/1_2.c.o: src/Chapter_1/1.2/1_2.c src/Chapter_1/1.2/1_2.h
#  Implicit rule search has not been done.
#  Modification time never checked.
#  File has not been updated.

clean:
#  Phony target (prerequisite of .PHONY).
#  Implicit rule search has not been done.
#  File does not exist.
#  File has not been updated.
#  recipe to execute (from 'Makefile', line 47):
	rm -r $(BUILD_DIR)

# Not a target:
build/./src/Chapter_1/1.1/1_1.c.d:
#  Implicit rule search has been done.
#  Last modified 2022-07-24 20:54:08.849911855
#  File has been updated.
#  Successfully updated.

build/./src/Chapter_1/1.10/1_10.c.o: src/Chapter_1/1.10/1_10.c src/Chapter_1/1.9/1_9.h src/Chapter_1/1.10/1_10.h
#  Implicit rule search has not been done.
#  Modification time never checked.
#  File has not been updated.

build/./src/main.c.o: src/main.c src/helloWorld/helloWorld.h src/Chapter_1/1.1/1_1.h src/Chapter_1/1.2/1_2.h src/Chapter_1/1.4/1_4.h src/Chapter_1/1.6/1_6.h src/Chapter_1/1.9/1_9.h src/Chapter_1/1.10/1_10.h
#  Implicit rule search has not been done.
#  Modification time never checked.
#  File has not been updated.

# Not a target:
src/main.c:
#  Implicit rule search has not been done.
#  Modification time never checked.
#  File has not been updated.

build/learning_C: build/./src/helloWorld/helloWorld.c.o build/./src/Chapter_1/1.10/1_10.c.o build/./src/Chapter_1/1.1/1_1.c.o build/./src/Chapter_1/1.6/1_6.c.o build/./src/Chapter_1/1.9/1_9.c.o build/./src/Chapter_1/1.2/1_2.c.o build/./src/Chapter_1/1.4/1_4.c.o build/./src/main.c.o
#  Implicit rule search has not been done.
#  Modification time never checked.
#  File has not been updated.
#  recipe to execute (from 'Makefile', line 32):
	$(CC) $(OBJS) -o $@ $(LDFLAGS) -lncurses

# Not a target:
.DEFAULT:
#  Implicit rule search has not been done.
#  Modification time never checked.
#  File has not been updated.

# Not a target:
all:
#  Command line target.
#  Implicit rule search has been done.
#  File does not exist.
#  File has not been updated.

# Not a target:
src/Chapter_1/1.4/1_4.c:
#  Implicit rule search has not been done.
#  Modification time never checked.
#  File has not been updated.

# Not a target:
src/Chapter_1/1.9/1_9.c:
#  Implicit rule search has not been done.
#  Modification time never checked.
#  File has not been updated.

# Not a target:
src/Chapter_1/1.10/1_10.c:
#  Implicit rule search has not been done.
#  Modification time never checked.
#  File has not been updated.

# Not a target:
build/./src/helloWorld/helloWorld.c.d:
#  Implicit rule search has been done.
#  Last modified 2022-07-24 20:54:08.809912506
#  File has been updated.
#  Successfully updated.

# Not a target:
src/Chapter_1/1.2/1_2.c:
#  Implicit rule search has not been done.
#  Modification time never checked.
#  File has not been updated.

src/Chapter_1/1.10/1_10.h:
#  Implicit rule search has not been done.
#  Modification time never checked.
#  File has not been updated.

# Not a target:
src/helloWorld/helloWorld.c:
#  Implicit rule search has not been done.
#  Modification time never checked.
#  File has not been updated.

src/Chapter_1/1.2/1_2.h:
#  Implicit rule search has not been done.
#  Modification time never checked.
#  File has not been updated.

# Not a target:
build/./src/Chapter_1/1.4/1_4.c.d:
#  Implicit rule search has been done.
#  Last modified 2022-07-24 20:55:30.4605994
#  File has been updated.
#  Successfully updated.

# Not a target:
src/Chapter_1/1.1/1_1.c:
#  Implicit rule search has not been done.
#  Modification time never checked.
#  File has not been updated.

src/Chapter_1/1.6/1_6.h:
#  Implicit rule search has not been done.
#  Modification time never checked.
#  File has not been updated.

src/helloWorld/helloWorld.h:
#  Implicit rule search has not been done.
#  Modification time never checked.
#  File has not been updated.

build/./src/Chapter_1/1.9/1_9.c.o: src/Chapter_1/1.9/1_9.c src/Chapter_1/1.9/1_9.h
#  Implicit rule search has not been done.
#  Modification time never checked.
#  File has not been updated.

.PHONY: clean
#  Implicit rule search has not been done.
#  Modification time never checked.
#  File has not been updated.

build/./src/Chapter_1/1.4/1_4.c.o: src/Chapter_1/1.4/1_4.c src/Chapter_1/1.4/1_4.h
#  Implicit rule search has not been done.
#  Modification time never checked.
#  File has not been updated.

# Not a target:
build/./src/Chapter_1/1.9/1_9.c.d:
#  Implicit rule search has been done.
#  Last modified 2022-07-24 21:50:37.835719353
#  File has been updated.
#  Successfully updated.

src/Chapter_1/1.4/1_4.h:
#  Implicit rule search has not been done.
#  Modification time never checked.
#  File has not been updated.

# files hash-table stats:
# Load=38/1024=4%, Rehash=0, Collisions=4/112=4%
# VPATH Search Paths

# No 'vpath' search paths.

# No general ('VPATH' variable) search path.

# strcache buffers: 1 (0) / strings = 54 / storage = 1083 B / avg = 20 B
# current buf: size = 8162 B / used = 1083 B / count = 54 / avg = 20 B

# strcache performance: lookups = 124 / hit rate = 56%
# hash-table stats:
# Load=54/8192=1%, Rehash=0, Collisions=0/124=0%
# Finished Make data base on Fri Sep 23 19:44:12 2022

 
